# JRE version: OpenJDK Runtime Environment Temurin-18.0.1+10 (18.0.1+10) (build 18.0.1+10)
# Java VM: OpenJDK 64-Bit Server VM Temurin-18.0.1+10 (18.0.1+10, mixed mode, tiered, compressed oops, compressed class ptrs, g1 gc, windows-amd64)
GC Precious Log:
 CardTable entry size: 512
 Card Set container configuration: InlinePtr #cards 4 size 8 Array Of Cards #cards 16 size 48 Howl #buckets 8 coarsen threshold 3686 Howl Bitmap #cards 512 size 80 coarsen threshold 460 Card regions per heap region 1 cards per card region 4096
 CPUs: 16 total, 16 available
 Memory: 16328M
 Large Page Support: Disabled
 NUMA Support: Disabled
 Compressed Oops: Enabled (Zero based)
 Heap Region Size: 2M
 Heap Min Capacity: 8M
 Heap Initial Capacity: 256M
 Heap Max Capacity: 4084M
 Pre-touch: Disabled
 Parallel Workers: 13
 Concurrent Workers: 3
 Concurrent Refinement Workers: 13
 Periodic GC: Disabled
Heap:
 garbage-first heap   total 28672K, used 5616K [0x0000000700c00000, 0x0000000800000000)
  region size 2048K, 2 young (4096K), 1 survivors (2048K)
 Metaspace       used 25407K, committed 25664K, reserved 1114112K
  class space    used 2543K, committed 2688K, reserved 1048576K
GC Heap History (6 events):
Event: 2.334 GC heap before
{Heap before GC invocations=0 (full 0):
 garbage-first heap   total 262144K, used 18432K [0x0000000700c00000, 0x0000000800000000)
  region size 2048K, 10 young (20480K), 0 survivors (0K)
 Metaspace       used 21272K, committed 21504K, reserved 1114112K
  class space    used 2065K, committed 2176K, reserved 1048576K
}
Event: 2.338 GC heap after
{Heap after GC invocations=1 (full 0):
 garbage-first heap   total 262144K, used 4588K [0x0000000700c00000, 0x0000000800000000)
  region size 2048K, 2 young (4096K), 2 survivors (4096K)
 Metaspace       used 21272K, committed 21504K, reserved 1114112K
  class space    used 2065K, committed 2176K, reserved 1048576K
}
Event: 8.727 GC heap before
{Heap before GC invocations=2 (full 0):
 garbage-first heap   total 28672K, used 16876K [0x0000000700c00000, 0x0000000800000000)
  region size 2048K, 8 young (16384K), 2 survivors (4096K)
 Metaspace       used 25172K, committed 25408K, reserved 1114112K
  class space    used 2511K, committed 2624K, reserved 1048576K
}
Event: 8.730 GC heap after
{Heap after GC invocations=3 (full 0):
 garbage-first heap   total 28672K, used 5655K [0x0000000700c00000, 0x0000000800000000)
  region size 2048K, 1 young (2048K), 1 survivors (2048K)
 Metaspace       used 25172K, committed 25408K, reserved 1114112K
  class space    used 2511K, committed 2624K, reserved 1048576K
}
Event: 429.264 GC heap before
{Heap before GC invocations=3 (full 0):
 garbage-first heap   total 28672K, used 7703K [0x0000000700c00000, 0x0000000800000000)
  region size 2048K, 2 young (4096K), 1 survivors (2048K)
 Metaspace       used 25359K, committed 25664K, reserved 1114112K
  class space    used 2537K, committed 2688K, reserved 1048576K
}
Event: 429.265 GC heap after
{Heap after GC invocations=4 (full 0):
 garbage-first heap   total 28672K, used 5616K [0x0000000700c00000, 0x0000000800000000)
  region size 2048K, 1 young (2048K), 1 survivors (2048K)
 Metaspace       used 25359K, committed 25664K, reserved 1114112K
  class space    used 2537K, committed 2688K, reserved 1048576K
}

